<?xml version="1.0" encoding="UTF-8"?>
<!-- Generated by org.testng.reporters.JUnitReportReporter -->
<testsuite hostname="SHREE-PC" name="com.model.AutoITDemo" tests="1" failures="0" timestamp="20 Jun 2019 18:01:22 GMT" time="13.038" errors="0">
  <testcase name="upload" time="13.038" classname="com.model.AutoITDemo"/>
</testsuite> <!-- com.model.AutoITDemo -->
