<?xml version="1.0" encoding="UTF-8"?>
<!-- Generated by org.testng.reporters.JUnitReportReporter -->
<testsuite hostname="SHREE-PC" name="log4j.mercury.MercurtTsLog4j" tests="2" failures="0" timestamp="20 Jun 2019 05:48:39 GMT" time="52.388" errors="0">
  <testcase name="loginwithinvalidds" time="3.972" classname="log4j.mercury.MercurtTsLog4j"/>
  <testcase name="loginwithvalidds" time="48.416" classname="log4j.mercury.MercurtTsLog4j"/>
</testsuite> <!-- log4j.mercury.MercurtTsLog4j -->
